<?xml version="1.0" encoding="UTF-8"?>
<testsuite xmlns:xsi="http://www.w3.org/2001/XMLSchema-instance" xsi:noNamespaceSchemaLocation="https://maven.apache.org/surefire/maven-surefire-plugin/xsd/surefire-test-report.xsd" name="com.spark.VendingMachineTest" time="0.094" tests="6" errors="0" skipped="0" failures="0">
  <properties>
[...]
</properties>
  <testcase name="test_vending_machine_displays_sparksoda_when_item_is_selected_reduce_quantity" classname="com.spark.VendingMachineTest" time="0.016"/>
  <testcase name="test_vending_machine_checks_employee" classname="com.spark.VendingMachineTest" time="0"/>
  <testcase name="test_vending_machine_gets_valid_inventory_products" classname="com.spark.VendingMachineTest" time="0"/>
  <testcase name="test_vending_machine_zero_quantity_of_sparklingsoda_displays_no" classname="com.spark.VendingMachineTest" time="0"/>
  <testcase name="test_vending_machine_displays_sparkpasta_when_item_is_selected_reduce_quantity" classname="com.spark.VendingMachineTest" time="0.016"/>
  <testcase name="test_vending_machine_displays_sparkwater_when_item_is_selected_reduce_quantity" classname="com.spark.VendingMachineTest" time="0"/>
</testsuite>